[33m[nodemon] 3.1.4[39m
[33m[nodemon] to restart at any time, enter `rs`[39m
[33m[nodemon] watching path(s): *.*[39m
[33m[nodemon] watching extensions: js,mjs,cjs,json[39m
[32m[nodemon] starting `node src/server/index.js`[39m
>>> ipAddress:  { country: 'æ–¯é‡Œå…°å¡', province: '', city: '', isp: '' }
Express server started at http://localhost:8000
>>> ipv: ::1
>>> ipAddress: {}
æ•°æ®åº“è¿žæŽ¥æˆåŠŸ
>>> isIpInSqlResult: [object Object]
æ•°æ®åº“è¿žæŽ¥æˆåŠŸ
æ•°æ®åº“è¿žæŽ¥æˆåŠŸ
>>> sqlResult: [object Object]
linkå¤±è´¥
link_express: undefined
decrypted: false
>>> ipv: ::1
>>> ipAddress: {}
æ•°æ®åº“è¿žæŽ¥æˆåŠŸ
>>> isIpInSqlResult: [object Object]
æ•°æ®åº“è¿žæŽ¥æˆåŠŸ
æ•°æ®åº“è¿žæŽ¥æˆåŠŸ
>>> sqlResult: [object Object]
link_express: Oi0BCgyxwnjKAYzt6yFBNDfv91F+PG0hDI/4J/IqeZUvjI08CxD9xDfUrn9kC4ZX8PQqszW8iA7J+bVtmKq+hmFHMR0sQ8iTo+8ROifUh9VYBFIKOLpORw62frEdR+rg1gs3FoSJsMnzk+TwSbnYIeBWk2/8eqTVMW1abku75js=
decrypted: 3JkZmr56wgU21nqlF5cLsakNxxKr3zZgIlN+CpD/Htw=
>>> ipv: ::1
>>> ipAddress: {}
æ•°æ®åº“è¿žæŽ¥æˆåŠŸ
>>> isIpInSqlResult: [object Object]
æ•°æ®åº“è¿žæŽ¥æˆåŠŸ
æ•°æ®åº“è¿žæŽ¥æˆåŠŸ
>>> sqlResult: [object Object]
linkå¤±è´¥
link_express: undefined
decrypted: false
>>> ipv: ::1
>>> ipAddress: {}
æ•°æ®åº“è¿žæŽ¥æˆåŠŸ
>>> isIpInSqlResult: [object Object]
æ•°æ®åº“è¿žæŽ¥æˆåŠŸ
æ•°æ®åº“è¿žæŽ¥æˆåŠŸ
>>> sqlResult: [object Object]
link_express: B15nGSzEvOZ5Xyc9lJhs7E8GPvXiseEyIQssv60qFtO6kDvQiqU4/em3agHB9dRo9KA+isujbykw3VA2YinEqFVUxNZ4C1nIlCigcsEl2j8ipxFZFGSYvS22L8GdtW57MhaixW2QGZsuuQlHDNy0nRRlSiHDOMmPnpMWIWZ0lj4=
decrypted: XWL0hi/8Gz8vcCSZHqU6sWiyd2zxT5uko1TErUG5Fes=
>>> ipv: ::1
>>> ipAddress: {}
æ•°æ®åº“è¿žæŽ¥æˆåŠŸ
>>> isIpInSqlResult: [object Object]
æ•°æ®åº“è¿žæŽ¥æˆåŠŸ
æ•°æ®åº“è¿žæŽ¥æˆåŠŸ
>>> sqlResult: [object Object]
link_express: eD/V+2i93929axr/5Nd2FiYDJvkvAFxRkPVEN7K0QMNTDUJ0CvkJzBD+PyR7jbMz7NRLcEuGFgPY8Wdns1IduLuKzRklOyglfXuy83sOo9CWFReoKCM5ZDyUs6DO9W1fz02dAYo4HrcObtzsB3zu6v3vZUw9cmxeQOn/wVndGZY=
decrypted: 6WsclXQVayHEhDJ7s3KMjI8gb5jlPgFq4OH7keoohPc=
